<?xml version="1.0" encoding="UTF-8"?>
<!-- Generated by org.testng.reporters.JUnitReportReporter -->
<testsuite hostname="DESKTOP-P0VOKG9" name="ownAssignments.DatePicker_MakeMyTrip" tests="1" failures="0" timestamp="12 Aug 2019 23:20:28 GMT" time="15.083" errors="0">
  <testcase name="testDatePicker" time="15.083" classname="ownAssignments.DatePicker_MakeMyTrip"/>
</testsuite> <!-- ownAssignments.DatePicker_MakeMyTrip -->
