<?xml version="1.0" encoding="UTF-8"?>
<!-- Generated by org.testng.reporters.JUnitReportReporter -->
<testsuite hostname="DESKTOP-P0VOKG9" name="orangeHRM.SelectRowFromWebTable" tests="2" failures="0" timestamp="1 Sep 2019 06:04:15 GMT" time="14.028" errors="0">
  <testcase name="navigateToListUsersPage" time="12.005" classname="orangeHRM.SelectRowFromWebTable"/>
  <testcase name="selectUserFromTable" time="2.023" classname="orangeHRM.SelectRowFromWebTable"/>
</testsuite> <!-- orangeHRM.SelectRowFromWebTable -->
