<?xml version="1.0" encoding="UTF-8"?>
<!-- Generated by org.testng.reporters.JUnitReportReporter -->
<testsuite hostname="DESKTOP-P0VOKG9" name="orangeHRM.EnterTextByRobotClass" tests="1" failures="0" timestamp="15 Sep 2019 16:52:07 GMT" time="20.902" errors="0">
  <testcase name="launchSite" time="20.902" classname="orangeHRM.EnterTextByRobotClass"/>
</testsuite> <!-- orangeHRM.EnterTextByRobotClass -->
