<?xml version="1.0" encoding="UTF-8"?>
<!-- Generated by org.testng.reporters.JUnitReportReporter -->
<testsuite hostname="DESKTOP-P0VOKG9" name="ownAssignments.FlipkartPopUPLogin" tests="1" failures="0" timestamp="16 Aug 2019 17:29:57 GMT" time="13.162" errors="0">
  <testcase name="flipKartLogin" time="13.162" classname="ownAssignments.FlipkartPopUPLogin"/>
</testsuite> <!-- ownAssignments.FlipkartPopUPLogin -->
