<?xml version="1.0" encoding="UTF-8"?>
<!-- Generated by org.testng.reporters.JUnitReportReporter -->
<testsuite hostname="DESKTOP-P0VOKG9" name="ownAssignments.ExportTableIntoExcel" tests="1" failures="0" timestamp="17 Aug 2019 12:58:38 GMT" time="21.328" errors="0">
  <testcase name="exportWebTableDataIntoExcelTest" time="21.328" classname="ownAssignments.ExportTableIntoExcel"/>
</testsuite> <!-- ownAssignments.ExportTableIntoExcel -->
