<?xml version="1.0" encoding="UTF-8"?>
<!-- Generated by org.testng.reporters.JUnitReportReporter -->
<testsuite skipped="0" hostname="NIT-LPT-0179" name="dataDriven.TestUsingDataProvider" tests="3" failures="0" timestamp="18 Aug 2020 12:19:09 GMT" time="48.572" errors="0">
  <testcase name="searchOnGoogleBasedOnData" time="15.806" classname="dataDriven.TestUsingDataProvider"/>
  <testcase name="searchOnGoogleBasedOnData" time="15.486" classname="dataDriven.TestUsingDataProvider"/>
  <testcase name="searchOnGoogleBasedOnData" time="17.280" classname="dataDriven.TestUsingDataProvider"/>
</testsuite> <!-- dataDriven.TestUsingDataProvider -->
