<?xml version="1.0" encoding="UTF-8"?>
<!-- Generated by org.testng.reporters.JUnitReportReporter -->
<testsuite hostname="DESKTOP-P0VOKG9" name="ownAssignments.LaunchChromeBrowser" tests="1" failures="0" timestamp="16 Sep 2019 14:22:57 GMT" time="8.669" errors="0">
  <testcase name="launchChromeBrowser" time="8.669" classname="ownAssignments.LaunchChromeBrowser"/>
</testsuite> <!-- ownAssignments.LaunchChromeBrowser -->
