<?xml version="1.0" encoding="UTF-8"?>
<!-- Generated by org.testng.reporters.JUnitReportReporter -->
<testsuite hostname="DESKTOP-P0VOKG9" name="ownAssignments.ExtractValueFromExcelByUsingArraylistAndSendToWebApplication" tests="1" failures="0" timestamp="23 Sep 2019 12:39:26 GMT" time="9.309" errors="0">
  <testcase name="sendIntvaluetoWebPage" time="9.309" classname="ownAssignments.ExtractValueFromExcelByUsingArraylistAndSendToWebApplication"/>
</testsuite> <!-- ownAssignments.ExtractValueFromExcelByUsingArraylistAndSendToWebApplication -->
