<?xml version="1.0" encoding="UTF-8"?>
<!-- Generated by org.testng.reporters.JUnitReportReporter -->
<testsuite skipped="0" hostname="NIT-LPT-0179" name="dataDriven.ReadExcelHashMap" tests="1" failures="0" timestamp="18 Aug 2020 10:05:21 GMT" time="0.791" errors="0">
  <testcase name="testOne" time="0.791" classname="dataDriven.ReadExcelHashMap"/>
</testsuite> <!-- dataDriven.ReadExcelHashMap -->
