<?xml version="1.0" encoding="UTF-8"?>
<!-- Generated by org.testng.reporters.JUnitReportReporter -->
<testsuite hostname="DESKTOP-P0VOKG9" name="ownAssignments.StaleElementReferenceExceptionTest" tests="1" failures="0" timestamp="4 Aug 2019 14:38:54 GMT" time="18.857" errors="0">
  <testcase name="test" time="18.857" classname="ownAssignments.StaleElementReferenceExceptionTest"/>
</testsuite> <!-- ownAssignments.StaleElementReferenceExceptionTest -->
