<?xml version="1.0" encoding="UTF-8"?>
<!-- Generated by org.testng.reporters.JUnitReportReporter -->
<testsuite hostname="DESKTOP-P0VOKG9" name="ownAssignments.ExtractIntValueFromExcelAndSendToWebPage" tests="1" failures="0" timestamp="23 Sep 2019 07:52:26 GMT" time="8.234" errors="0">
  <testcase name="sendIntvaluetoWebPage" time="8.234" classname="ownAssignments.ExtractIntValueFromExcelAndSendToWebPage"/>
</testsuite> <!-- ownAssignments.ExtractIntValueFromExcelAndSendToWebPage -->
