<?xml version="1.0" encoding="UTF-8"?>
<!-- Generated by org.testng.reporters.JUnitReportReporter -->
<testsuite hostname="atharva" name="ownAssignments.GMailAssignmentWithExtentReport" tests="13" failures="1" timestamp="6 Oct 2019 06:30:39 GMT" time="60.478" errors="0">
  <testcase name="enterPasswordAndClickOnNext" time="3.434" classname="ownAssignments.GMailAssignmentWithExtentReport"/>
  <testcase name="enterSubject" time="2.801" classname="ownAssignments.GMailAssignmentWithExtentReport"/>
  <testcase name="enterMailBodyContent" time="2.926" classname="ownAssignments.GMailAssignmentWithExtentReport"/>
  <testcase name="verifyEmailReceivedInSocialTab" time="5.894" classname="ownAssignments.GMailAssignmentWithExtentReport"/>
  <testcase name="markSocial" time="3.331" classname="ownAssignments.GMailAssignmentWithExtentReport"/>
  <testcase name="openEmail" time="2.513" classname="ownAssignments.GMailAssignmentWithExtentReport">
    <failure type="java.lang.AssertionError" message="expected [true] but found [false]">
      <![CDATA[java.lang.AssertionError: expected [true] but found [false]
	at org.testng.Assert.fail(Assert.java:94)
	at org.testng.Assert.failNotEquals(Assert.java:513)
	at org.testng.Assert.assertTrue(Assert.java:42)
	at org.testng.Assert.assertTrue(Assert.java:52)
	at ownAssignments.GMailAssignmentWithExtentReport.openEmail(GMailAssignmentWithExtentReport.java:208)
	at sun.reflect.NativeMethodAccessorImpl.invoke0(Native Method)
	at sun.reflect.NativeMethodAccessorImpl.invoke(NativeMethodAccessorImpl.java:62)
	at sun.reflect.DelegatingMethodAccessorImpl.invoke(DelegatingMethodAccessorImpl.java:43)
	at java.lang.reflect.Method.invoke(Method.java:498)
	at org.testng.internal.MethodInvocationHelper.invokeMethod(MethodInvocationHelper.java:86)
	at org.testng.internal.Invoker.invokeMethod(Invoker.java:646)
	at org.testng.internal.Invoker.invokeTestMethod(Invoker.java:823)
	at org.testng.internal.Invoker.invokeTestMethods(Invoker.java:1131)
	at org.testng.internal.TestMethodWorker.invokeTestMethods(TestMethodWorker.java:129)
	at org.testng.internal.TestMethodWorker.run(TestMethodWorker.java:112)
	at org.testng.TestRunner.privateRun(TestRunner.java:778)
	at org.testng.TestRunner.run(TestRunner.java:632)
	at org.testng.SuiteRunner.runTest(SuiteRunner.java:366)
	at org.testng.SuiteRunner.access$000(SuiteRunner.java:39)
	at org.testng.SuiteRunner$SuiteWorker.run(SuiteRunner.java:400)
	at org.testng.internal.thread.ThreadUtil$2.call(ThreadUtil.java:64)
	at java.util.concurrent.FutureTask.run(FutureTask.java:266)
	at java.util.concurrent.ThreadPoolExecutor.runWorker(ThreadPoolExecutor.java:1142)
	at java.util.concurrent.ThreadPoolExecutor$Worker.run(ThreadPoolExecutor.java:617)
	at java.lang.Thread.run(Thread.java:745)
]]>
    </failure>
  </testcase> <!-- openEmail -->
  <testcase name="clickOnSendButton" time="2.263" classname="ownAssignments.GMailAssignmentWithExtentReport"/>
  <testcase name="enterToEmailID" time="2.496" classname="ownAssignments.GMailAssignmentWithExtentReport"/>
  <testcase name="hoverMouseOverLabelMenu" time="3.195" classname="ownAssignments.GMailAssignmentWithExtentReport"/>
  <testcase name="enterEmailIDAndClickOnNextButton" time="0.465" classname="ownAssignments.GMailAssignmentWithExtentReport"/>
  <testcase name="verifyEmailReceivedAndMarkStar" time="4.554" classname="ownAssignments.GMailAssignmentWithExtentReport"/>
  <testcase name="clickOnComposeButton" time="15.271" classname="ownAssignments.GMailAssignmentWithExtentReport"/>
  <testcase name="enterSocialTextAndSelect" time="11.335" classname="ownAssignments.GMailAssignmentWithExtentReport"/>
</testsuite> <!-- ownAssignments.GMailAssignmentWithExtentReport -->
