<?xml version="1.0" encoding="UTF-8"?>
<!-- Generated by org.testng.reporters.JUnitReportReporter -->
<testsuite hostname="DESKTOP-P0VOKG9" name="ownAssignments.ElementNotClicable" tests="1" failures="0" timestamp="18 Aug 2019 06:30:23 GMT" time="12.487" errors="0">
  <testcase name="testElementNotClicableEvent" time="12.487" classname="ownAssignments.ElementNotClicable"/>
</testsuite> <!-- ownAssignments.ElementNotClicable -->
