<?xml version="1.0" encoding="UTF-8"?>
<!-- Generated by org.testng.reporters.JUnitReportReporter -->
<testsuite skipped="0" hostname="NIT-LPT-0179" name="dataDriven.ReadExcelTestData" tests="3" failures="0" timestamp="18 Aug 2020 11:21:02 GMT" time="43.632" errors="0">
  <testcase name="test1" time="16.106" classname="dataDriven.ReadExcelTestData"/>
  <testcase name="test2" time="13.730" classname="dataDriven.ReadExcelTestData"/>
  <testcase name="test3" time="13.796" classname="dataDriven.ReadExcelTestData"/>
</testsuite> <!-- dataDriven.ReadExcelTestData -->
