<?xml version="1.0" encoding="UTF-8"?>
<!-- Generated by org.testng.reporters.JUnitReportReporter -->
<testsuite skipped="0" hostname="DESKTOP-PGP87JA" name="excelPrograms.ExcelToHashtable" tests="1" failures="0" timestamp="18 Jul 2020 16:27:01 GMT" time="0.478" errors="0">
  <testcase name="firstTC" time="0.478" classname="excelPrograms.ExcelToHashtable"/>
</testsuite> <!-- excelPrograms.ExcelToHashtable -->
