<?xml version="1.0" encoding="UTF-8"?>
<!-- Generated by org.testng.reporters.JUnitReportReporter -->
<testsuite skipped="0" hostname="DESKTOP-P0VOKG9" name="ownAssignments.StaleElementReferenceExceptionTest" tests="1" failures="0" timestamp="22 Sep 2019 12:34:14 GMT" time="19.402" errors="0">
  <testcase name="test" time="19.402" classname="ownAssignments.StaleElementReferenceExceptionTest"/>
</testsuite> <!-- ownAssignments.StaleElementReferenceExceptionTest -->
